<?xml version="1.0" encoding="UTF-8"?>
<testng-results skipped="0" failed="0" total="1" passed="1">
  <reporter-output>
  </reporter-output>
  <suite name="test.java.com.test.demo.TestDemo" duration-ms="16" started-at="2019-09-01T13:39:21Z" finished-at="2019-09-01T13:39:21Z">
    <groups>
    </groups>
    <test name="Command line test" duration-ms="16" started-at="2019-09-01T13:39:21Z" finished-at="2019-09-01T13:39:21Z">
      <class name="test.java.com.test.demo.TestDemo">
        <test-method status="PASS" signature="testadd()[pri:0, instance:test.java.com.test.demo.TestDemo@75bd9247]" name="testadd" duration-ms="5" started-at="2019-09-01T21:39:21Z" finished-at="2019-09-01T21:39:21Z">
          <reporter-output>
          </reporter-output>
        </test-method> <!-- testadd -->
      </class> <!-- test.java.com.test.demo.TestDemo -->
    </test> <!-- Command line test -->
  </suite> <!-- test.java.com.test.demo.TestDemo -->
</testng-results>
